<?xml version="1.0" encoding="UTF-8"?>
<testsuites>
  <testsuite name="Widgets Test Suite" tests="4" assertions="0" failures="0" errors="2" time="0.233017">
    <testsuite name="Trinity\Bundle\WidgetsBundle\Tests\WidgetTest" file="/var/app/Tests/WidgetTest.php" tests="1" assertions="0" failures="0" errors="0" time="0.000143">
      <testcase name="testWidget" class="Trinity\Bundle\WidgetsBundle\Tests\WidgetTest" file="/var/app/Tests/WidgetTest.php" line="20" assertions="0" time="0.000143"/>
    </testsuite>
    <testsuite name="Trinity\Bundle\WidgetsBundle\Tests\WidgetTypeTest" file="/var/app/Tests/WidgetTypeTest.php" tests="1" assertions="0" failures="0" errors="0" time="0.000050">
      <testcase name="testWidgetType" class="Trinity\Bundle\WidgetsBundle\Tests\WidgetTypeTest" file="/var/app/Tests/WidgetTypeTest.php" line="16" assertions="0" time="0.000050"/>
    </testsuite>
    <testsuite name="Trinity\Bundle\WidgetsBundle\Tests\WidgetsManagerTest" file="/var/app/Tests/WidgetsManagerTest.php" tests="2" assertions="0" failures="0" errors="2" time="0.232824">
      <testcase name="testManager" class="Trinity\Bundle\WidgetsBundle\Tests\WidgetsManagerTest" file="/var/app/Tests/WidgetsManagerTest.php" line="33" assertions="0" time="0.145289">
        <error type="PHPUnit_Framework_ExceptionWrapper">Trinity\Bundle\WidgetsBundle\Tests\WidgetsManagerTest::testManager
Symfony\Component\DependencyInjection\Exception\ParameterNotFoundException: The service "trinity.search" has a dependency on a non-existent parameter "trinity.search.detail_url_provider".

/var/app/vendor/symfony/symfony/src/Symfony/Component/DependencyInjection/ParameterBag/ParameterBag.php:84
/var/app/vendor/symfony/symfony/src/Symfony/Component/DependencyInjection/ParameterBag/ParameterBag.php:200
/var/app/vendor/symfony/symfony/src/Symfony/Component/DependencyInjection/ParameterBag/ParameterBag.php:171
/var/app/vendor/symfony/symfony/src/Symfony/Component/DependencyInjection/ParameterBag/ParameterBag.php:161
/var/app/vendor/symfony/symfony/src/Symfony/Component/DependencyInjection/Compiler/ResolveParameterPlaceHoldersPass.php:39
/var/app/vendor/symfony/symfony/src/Symfony/Component/DependencyInjection/Compiler/Compiler.php:104
/var/app/vendor/symfony/symfony/src/Symfony/Component/DependencyInjection/ContainerBuilder.php:545
/var/app/vendor/symfony/symfony/src/Symfony/Component/HttpKernel/Kernel.php:477
/var/app/vendor/symfony/symfony/src/Symfony/Component/HttpKernel/Kernel.php:117
/var/app/vendor/symfony/symfony/src/Symfony/Bundle/FrameworkBundle/Test/KernelTestCase.php:146
/var/app/vendor/symfony/symfony/src/Symfony/Bundle/FrameworkBundle/Test/WebTestCase.php:33
/var/app/Tests/BaseTest.php:19
/var/app/Tests/WidgetsManagerTest.php:45
/var/app/Tests/WidgetsManagerTest.php:35
</error>
      </testcase>
      <testcase name="testRenderWidget" class="Trinity\Bundle\WidgetsBundle\Tests\WidgetsManagerTest" file="/var/app/Tests/WidgetsManagerTest.php" line="52" assertions="0" time="0.087535">
        <error type="PHPUnit_Framework_ExceptionWrapper">Trinity\Bundle\WidgetsBundle\Tests\WidgetsManagerTest::testRenderWidget
Symfony\Component\DependencyInjection\Exception\ParameterNotFoundException: The service "trinity.search" has a dependency on a non-existent parameter "trinity.search.detail_url_provider".

/var/app/vendor/symfony/symfony/src/Symfony/Component/DependencyInjection/ParameterBag/ParameterBag.php:84
/var/app/vendor/symfony/symfony/src/Symfony/Component/DependencyInjection/ParameterBag/ParameterBag.php:200
/var/app/vendor/symfony/symfony/src/Symfony/Component/DependencyInjection/ParameterBag/ParameterBag.php:171
/var/app/vendor/symfony/symfony/src/Symfony/Component/DependencyInjection/ParameterBag/ParameterBag.php:161
/var/app/vendor/symfony/symfony/src/Symfony/Component/DependencyInjection/Compiler/ResolveParameterPlaceHoldersPass.php:39
/var/app/vendor/symfony/symfony/src/Symfony/Component/DependencyInjection/Compiler/Compiler.php:104
/var/app/vendor/symfony/symfony/src/Symfony/Component/DependencyInjection/ContainerBuilder.php:545
/var/app/vendor/symfony/symfony/src/Symfony/Component/HttpKernel/Kernel.php:477
/var/app/vendor/symfony/symfony/src/Symfony/Component/HttpKernel/Kernel.php:117
/var/app/vendor/symfony/symfony/src/Symfony/Bundle/FrameworkBundle/Test/KernelTestCase.php:146
/var/app/vendor/symfony/symfony/src/Symfony/Bundle/FrameworkBundle/Test/WebTestCase.php:33
/var/app/Tests/BaseTest.php:19
/var/app/Tests/WidgetsManagerTest.php:93
/var/app/Tests/WidgetsManagerTest.php:54
</error>
      </testcase>
    </testsuite>
  </testsuite>
</testsuites>
